Started by user [8mha:////4NdoM+s3M8DGol1f+l7L3SMwji7kg8NrUGWZ7HAv5x2hAAAAlh+LCAAAAAAAAP9b85aBtbiIQTGjNKU4P08vOT+vOD8nVc83PyU1x6OyILUoJzMv2y+/JJUBAhiZGBgqihhk0NSjKDWzXb3RdlLBUSYGJk8GtpzUvPSSDB8G5tKinBIGIZ+sxLJE/ZzEvHT94JKizLx0a6BxUmjGOUNodHsLgAzOEgYu/dLi1CL9vNKcHACFIKlWvwAAAA==[0manonymous
Building in workspace C:\Users\PC-RAHUL\.jenkins\workspace\DevOps-ILP1-219794_Jenkins
 > git.exe rev-parse --is-inside-work-tree # timeout=10
Fetching changes from the remote Git repository
 > git.exe config remote.origin.url C:\Users\PC-RAHUL\Desktop\Devops\DevOps-ILP1-219794 # timeout=10
Fetching upstream changes from C:\Users\PC-RAHUL\Desktop\Devops\DevOps-ILP1-219794
 > git.exe --version # timeout=10
 > git.exe fetch --tags --progress C:\Users\PC-RAHUL\Desktop\Devops\DevOps-ILP1-219794 +refs/heads/*:refs/remotes/origin/*
 > git.exe rev-parse "refs/remotes/origin/master^{commit}" # timeout=10
 > git.exe rev-parse "refs/remotes/origin/origin/master^{commit}" # timeout=10
Checking out Revision de45483f05335a3af41ffa69612736ca75e6fd8c (refs/remotes/origin/master)
 > git.exe config core.sparsecheckout # timeout=10
 > git.exe checkout -f de45483f05335a3af41ffa69612736ca75e6fd8c
Commit message: "Modified Unit Case"
 > git.exe rev-list --no-walk 1798b0af8f3da687172231b38299643dc173fabd # timeout=10
No emails were triggered.
[DevOps-ILP1-219794_Jenkins] $ cmd.exe /C "mvn -f C:\Users\PC-RAHUL\Desktop\Devops\DevOps-ILP1-219794 test && exit %%ERRORLEVEL%%"
[INFO] Scanning for projects...
[INFO] 
[INFO] ------------------------------------------------------------------------
[INFO] Building DevOps-ILP1-219794 Maven Webapp 0.0.1-SNAPSHOT
[INFO] ------------------------------------------------------------------------
[8mha:////4CRLPa6gOCGsMV+hxUtG/J92iMm+Y7kDrEVqfhJGz3XtAAAAYx+LCAAAAAAAAP9b85aBtbiIQSWjNKU4P0+vJLE4u1gvPjexLDVPzxdEhicW5WXmpfvll6S2fNly5fzGzauYGBgqihikoFqS8/OK83NS9ZwhNEghAwQwghQWAACwxA+XYgAAAA==[0m[WARNING] The POM for org.seleniumhq.selenium:selenium-server-standalone:jar:2.39.0 is missing, no dependency information available
[INFO] 
[8mha:////4BJRxNUjcQpiynEMcbqDtD64aeSCYNMCOSgxbI/XvGGHAAAAYB+LCAAAAAAAAP9b85aBtbiIQSmjNKU4P0+vJLE4u1gvPjexLDVPzxdEGvvmZ+X75ZekLlOVfvTjc8FPJgaGiiIGKaiG5Py84vycVD1nCA1SyAABjCCFBQCV27OjYAAAAA==[0m[INFO] --- maven-resources-plugin:2.6:resources (default-resources) @ DevOps-ILP1-219794 ---
[8mha:////4CRLPa6gOCGsMV+hxUtG/J92iMm+Y7kDrEVqfhJGz3XtAAAAYx+LCAAAAAAAAP9b85aBtbiIQSWjNKU4P0+vJLE4u1gvPjexLDVPzxdEhicW5WXmpfvll6S2fNly5fzGzauYGBgqihikoFqS8/OK83NS9ZwhNEghAwQwghQWAACwxA+XYgAAAA==[0m[WARNING] Using platform encoding (Cp1252 actually) to copy filtered resources, i.e. build is platform dependent!
[INFO] Copying 0 resource
[INFO] 
[8mha:////4BJRxNUjcQpiynEMcbqDtD64aeSCYNMCOSgxbI/XvGGHAAAAYB+LCAAAAAAAAP9b85aBtbiIQSmjNKU4P0+vJLE4u1gvPjexLDVPzxdEGvvmZ+X75ZekLlOVfvTjc8FPJgaGiiIGKaiG5Py84vycVD1nCA1SyAABjCCFBQCV27OjYAAAAA==[0m[INFO] --- maven-compiler-plugin:3.1:compile (default-compile) @ DevOps-ILP1-219794 ---
[INFO] Nothing to compile - all classes are up to date
[INFO] 
[8mha:////4BJRxNUjcQpiynEMcbqDtD64aeSCYNMCOSgxbI/XvGGHAAAAYB+LCAAAAAAAAP9b85aBtbiIQSmjNKU4P0+vJLE4u1gvPjexLDVPzxdEGvvmZ+X75ZekLlOVfvTjc8FPJgaGiiIGKaiG5Py84vycVD1nCA1SyAABjCCFBQCV27OjYAAAAA==[0m[INFO] --- maven-resources-plugin:2.6:testResources (default-testResources) @ DevOps-ILP1-219794 ---
[8mha:////4CRLPa6gOCGsMV+hxUtG/J92iMm+Y7kDrEVqfhJGz3XtAAAAYx+LCAAAAAAAAP9b85aBtbiIQSWjNKU4P0+vJLE4u1gvPjexLDVPzxdEhicW5WXmpfvll6S2fNly5fzGzauYGBgqihikoFqS8/OK83NS9ZwhNEghAwQwghQWAACwxA+XYgAAAA==[0m[WARNING] Using platform encoding (Cp1252 actually) to copy filtered resources, i.e. build is platform dependent!
[INFO] skip non existing resourceDirectory C:\Users\PC-RAHUL\Desktop\Devops\DevOps-ILP1-219794\src\test\resources
[INFO] 
[8mha:////4BJRxNUjcQpiynEMcbqDtD64aeSCYNMCOSgxbI/XvGGHAAAAYB+LCAAAAAAAAP9b85aBtbiIQSmjNKU4P0+vJLE4u1gvPjexLDVPzxdEGvvmZ+X75ZekLlOVfvTjc8FPJgaGiiIGKaiG5Py84vycVD1nCA1SyAABjCCFBQCV27OjYAAAAA==[0m[INFO] --- maven-compiler-plugin:3.1:testCompile (default-testCompile) @ DevOps-ILP1-219794 ---
[INFO] Nothing to compile - all classes are up to date
[INFO] 
[8mha:////4BJRxNUjcQpiynEMcbqDtD64aeSCYNMCOSgxbI/XvGGHAAAAYB+LCAAAAAAAAP9b85aBtbiIQSmjNKU4P0+vJLE4u1gvPjexLDVPzxdEGvvmZ+X75ZekLlOVfvTjc8FPJgaGiiIGKaiG5Py84vycVD1nCA1SyAABjCCFBQCV27OjYAAAAA==[0m[INFO] --- maven-surefire-plugin:2.12.4:test (default-test) @ DevOps-ILP1-219794 ---
[INFO] Surefire report directory: C:\Users\PC-RAHUL\Desktop\Devops\DevOps-ILP1-219794\target\surefire-reports

-------------------------------------------------------
 T E S T S
-------------------------------------------------------
Running com.wipro.devops.test.LoginDemoTest
Tests run: 3, Failures: 1, Errors: 0, Skipped: 0, Time elapsed: 1.051 sec <<< FAILURE!
LoginDemoTest_1(com.wipro.devops.test.LoginDemoTest)  Time elapsed: 0.894 sec  <<< FAILURE!
java.lang.AssertionError
	at org.junit.Assert.fail(Assert.java:86)
	at org.junit.Assert.assertTrue(Assert.java:41)
	at org.junit.Assert.assertTrue(Assert.java:52)
	at com.wipro.devops.test.LoginDemoTest.LoginDemoTest_1(LoginDemoTest.java:37)
	at sun.reflect.NativeMethodAccessorImpl.invoke0(Native Method)
	at sun.reflect.NativeMethodAccessorImpl.invoke(NativeMethodAccessorImpl.java:62)
	at sun.reflect.DelegatingMethodAccessorImpl.invoke(DelegatingMethodAccessorImpl.java:43)
	at java.lang.reflect.Method.invoke(Method.java:498)
	at org.junit.runners.model.FrameworkMethod$1.runReflectiveCall(FrameworkMethod.java:47)
	at org.junit.internal.runners.model.ReflectiveCallable.run(ReflectiveCallable.java:12)
	at org.junit.runners.model.FrameworkMethod.invokeExplosively(FrameworkMethod.java:44)
	at org.junit.internal.runners.statements.InvokeMethod.evaluate(InvokeMethod.java:17)
	at org.junit.runners.ParentRunner.runLeaf(ParentRunner.java:271)
	at org.junit.runners.BlockJUnit4ClassRunner.runChild(BlockJUnit4ClassRunner.java:70)
	at org.junit.runners.BlockJUnit4ClassRunner.runChild(BlockJUnit4ClassRunner.java:50)
	at org.junit.runners.ParentRunner$3.run(ParentRunner.java:238)
	at org.junit.runners.ParentRunner$1.schedule(ParentRunner.java:63)
	at org.junit.runners.ParentRunner.runChildren(ParentRunner.java:236)
	at org.junit.runners.ParentRunner.access$000(ParentRunner.java:53)
	at org.junit.runners.ParentRunner$2.evaluate(ParentRunner.java:229)
	at org.junit.runners.ParentRunner.run(ParentRunner.java:309)
	at org.apache.maven.surefire.junit4.JUnit4Provider.execute(JUnit4Provider.java:252)
	at org.apache.maven.surefire.junit4.JUnit4Provider.executeTestSet(JUnit4Provider.java:141)
	at org.apache.maven.surefire.junit4.JUnit4Provider.invoke(JUnit4Provider.java:112)
	at sun.reflect.NativeMethodAccessorImpl.invoke0(Native Method)
	at sun.reflect.NativeMethodAccessorImpl.invoke(NativeMethodAccessorImpl.java:62)
	at sun.reflect.DelegatingMethodAccessorImpl.invoke(DelegatingMethodAccessorImpl.java:43)
	at java.lang.reflect.Method.invoke(Method.java:498)
	at org.apache.maven.surefire.util.ReflectionUtils.invokeMethodWithArray(ReflectionUtils.java:189)
	at org.apache.maven.surefire.booter.ProviderFactory$ProviderProxy.invoke(ProviderFactory.java:165)
	at org.apache.maven.surefire.booter.ProviderFactory.invokeProvider(ProviderFactory.java:85)
	at org.apache.maven.surefire.booter.ForkedBooter.runSuitesInProcess(ForkedBooter.java:115)
	at org.apache.maven.surefire.booter.ForkedBooter.main(ForkedBooter.java:75)

Running com.wipro.devops.test.ResetPasswordTest
Tests run: 3, Failures: 0, Errors: 0, Skipped: 0, Time elapsed: 0.124 sec
Running com.wipro.devops.test.SeleniumLoginDemoTest
1520719840042	geckodriver	INFO	geckodriver 0.19.1
1520719840053	geckodriver	INFO	Listening on 127.0.0.1:15965
1520719840814	mozrunner::runner	INFO	Running command: "C:\\Program Files (x86)\\Mozilla Firefox\\firefox.exe" "-marionette" "-profile" "C:\\Users\\PC-RAHUL\\AppData\\Local\\Temp\\rust_mozprofile.3b1i2u7R5BRz"
1520719841915	Marionette	INFO	Enabled via --marionette
1520719845917	Marionette	INFO	Listening on port 59755
1520719846932	Marionette	WARN	TLS certificate errors will be ignored for this session
Mar 10, 2018 4:10:47 PM org.openqa.selenium.remote.ProtocolHandshake createSession
INFO: Detected dialect: W3C
Response: <html><head></head><body>Username Already Exist !!
</body></html>
1520719850378	addons.xpi	WARN	Exception running bootstrap method shutdown on activity-stream@mozilla.org: [Exception... "Component returned failure code: 0x80004005 (NS_ERROR_FAILURE) [nsIObserverService.removeObserver]"  nsresult: "0x80004005 (NS_ERROR_FAILURE)"  location: "JS frame :: resource://activity-stream/lib/SnippetsFeed.jsm :: uninit :: line 125"  data: no] Stack trace: uninit()@resource://activity-stream/lib/SnippetsFeed.jsm:125 < onAction()@resource://activity-stream/lib/SnippetsFeed.jsm:141 < _middleware/</<()@resource://activity-stream/lib/Store.jsm:51 < Store/this[method]()@resource://activity-stream/lib/Store.jsm:30 < uninit()@resource://activity-stream/lib/Store.jsm:153 < uninit()@resource://activity-stream/lib/ActivityStream.jsm:278 < uninit()@resource://gre/modules/addons/XPIProvider.jsm -> jar:file:///C:/Program%20Files%20(x86)/Mozilla%20Firefox/browser/features/activity-stream@mozilla.org.xpi!/bootstrap.js:80 < shutdown()@resource://gre/modules/addons/XPIProvider.jsm -> jar:file:///C:/Program%20Files%20(x86)/Mozilla%20Firefox/browser/features/activity-stream@mozilla.org.xpi!/bootstrap.js:196 < callBootstrapMethod()@resource://gre/modules/addons/XPIProvider.jsm:4406 < observe()@resource://gre/modules/addons/XPIProvider.jsm:2270 < GeckoDriver.prototype.quit()@driver.js:3381 < despatch()@server.js:560 < execute()@server.js:534 < onPacket/<()@server.js:509 < onPacket()@server.js:508 < _onJSONObjectReady/<()@transport.js:500
[Child 11176, Chrome_ChildThread] WARNING: pipe error: 109: file z:/build/build/src/ipc/chromium/src/chrome/common/ipc_channel_win.cc, line 346
1520719850964	geckodriver	INFO	geckodriver 0.19.1
1520719850973	geckodriver	INFO	Listening on 127.0.0.1:38860
1520719851557	mozrunner::runner	INFO	Running command: "C:\\Program Files (x86)\\Mozilla Firefox\\firefox.exe" "-marionette" "-profile" "C:\\Users\\PC-RAHUL\\AppData\\Local\\Temp\\rust_mozprofile.yG6uLwmdnEKc"
1520719852863	Marionette	INFO	Enabled via --marionette
1520719856371	Marionette	INFO	Listening on port 59799
1520719857487	Marionette	WARN	TLS certificate errors will be ignored for this session
Mar 10, 2018 4:10:57 PM org.openqa.selenium.remote.ProtocolHandshake createSession
INFO: Detected dialect: W3C
Response: <html><head></head><body>Login Successful !!
</body></html>
1520719860644	addons.xpi	WARN	Exception running bootstrap method shutdown on activity-stream@mozilla.org: [Exception... "Component returned failure code: 0x80004005 (NS_ERROR_FAILURE) [nsIObserverService.removeObserver]"  nsresult: "0x80004005 (NS_ERROR_FAILURE)"  location: "JS frame :: resource://activity-stream/lib/SnippetsFeed.jsm :: uninit :: line 125"  data: no] Stack trace: uninit()@resource://activity-stream/lib/SnippetsFeed.jsm:125 < onAction()@resource://activity-stream/lib/SnippetsFeed.jsm:141 < _middleware/</<()@resource://activity-stream/lib/Store.jsm:51 < Store/this[method]()@resource://activity-stream/lib/Store.jsm:30 < uninit()@resource://activity-stream/lib/Store.jsm:153 < uninit()@resource://activity-stream/lib/ActivityStream.jsm:278 < uninit()@resource://gre/modules/addons/XPIProvider.jsm -> jar:file:///C:/Program%20Files%20(x86)/Mozilla%20Firefox/browser/features/activity-stream@mozilla.org.xpi!/bootstrap.js:80 < shutdown()@resource://gre/modules/addons/XPIProvider.jsm -> jar:file:///C:/Program%20Files%20(x86)/Mozilla%20Firefox/browser/features/activity-stream@mozilla.org.xpi!/bootstrap.js:196 < callBootstrapMethod()@resource://gre/modules/addons/XPIProvider.jsm:4406 < observe()@resource://gre/modules/addons/XPIProvider.jsm:2270 < GeckoDriver.prototype.quit()@driver.js:3381 < despatch()@server.js:560 < execute()@server.js:534 < onPacket/<()@server.js:509 < onPacket()@server.js:508 < _onJSONObjectReady/<()@transport.js:500
[GFX1-]: Receive IPC close with reason=AbnormalShutdown
[GFX1-]: Receive IPC close with reason=AbnormalShutdown
[GFX1-]: Receive IPC close with reason=AbnormalShutdown
1520719861224	geckodriver	INFO	geckodriver 0.19.1
1520719861233	geckodriver	INFO	Listening on 127.0.0.1:46616
1520719861798	mozrunner::runner	INFO	Running command: "C:\\Program Files (x86)\\Mozilla Firefox\\firefox.exe" "-marionette" "-profile" "C:\\Users\\PC-RAHUL\\AppData\\Local\\Temp\\rust_mozprofile.MxZjK0BTjv7q"
1520719862966	Marionette	INFO	Enabled via --marionette
1520719866655	Marionette	INFO	Listening on port 59844
1520719867115	Marionette	WARN	TLS certificate errors will be ignored for this session
Mar 10, 2018 4:11:07 PM org.openqa.selenium.remote.ProtocolHandshake createSession
INFO: Detected dialect: W3C
Response: <html><head></head><body>Incorrect Username Or Password Entered.. Please Try Again !!
</body></html>
1520719870190	addons.xpi	WARN	Exception running bootstrap method shutdown on activity-stream@mozilla.org: [Exception... "Component returned failure code: 0x80004005 (NS_ERROR_FAILURE) [nsIObserverService.removeObserver]"  nsresult: "0x80004005 (NS_ERROR_FAILURE)"  location: "JS frame :: resource://activity-stream/lib/SnippetsFeed.jsm :: uninit :: line 125"  data: no] Stack trace: uninit()@resource://activity-stream/lib/SnippetsFeed.jsm:125 < onAction()@resource://activity-stream/lib/SnippetsFeed.jsm:141 < _middleware/</<()@resource://activity-stream/lib/Store.jsm:51 < Store/this[method]()@resource://activity-stream/lib/Store.jsm:30 < uninit()@resource://activity-stream/lib/Store.jsm:153 < uninit()@resource://activity-stream/lib/ActivityStream.jsm:278 < uninit()@resource://gre/modules/addons/XPIProvider.jsm -> jar:file:///C:/Program%20Files%20(x86)/Mozilla%20Firefox/browser/features/activity-stream@mozilla.org.xpi!/bootstrap.js:80 < shutdown()@resource://gre/modules/addons/XPIProvider.jsm -> jar:file:///C:/Program%20Files%20(x86)/Mozilla%20Firefox/browser/features/activity-stream@mozilla.org.xpi!/bootstrap.js:196 < callBootstrapMethod()@resource://gre/modules/addons/XPIProvider.jsm:4406 < observe()@resource://gre/modules/addons/XPIProvider.jsm:2270 < GeckoDriver.prototype.quit()@driver.js:3381 < despatch()@server.js:560 < execute()@server.js:534 < onPacket/<()@server.js:509 < onPacket()@server.js:508 < _onJSONObjectReady/<()@transport.js:500
Tests run: 3, Failures: 0, Errors: 0, Skipped: 0, Time elapsed: 31.501 sec
Running com.wipro.devops.test.SeleniumResetPasswordTest
1520719870644	geckodriver	INFO	geckodriver 0.19.1
1520719870654	geckodriver	INFO	Listening on 127.0.0.1:26018
1520719871240	mozrunner::runner	INFO	Running command: "C:\\Program Files (x86)\\Mozilla Firefox\\firefox.exe" "-marionette" "-profile" "C:\\Users\\PC-RAHUL\\AppData\\Local\\Temp\\rust_mozprofile.aiyhzub1ENpU"
1520719872252	Marionette	INFO	Enabled via --marionette
1520719875593	Marionette	INFO	Listening on port 59883
1520719876985	Marionette	WARN	TLS certificate errors will be ignored for this session
Mar 10, 2018 4:11:17 PM org.openqa.selenium.remote.ProtocolHandshake createSession
INFO: Detected dialect: W3C
Response: <html><head></head><body>Password Reset Successfully !!
</body></html>
1520719879423	addons.xpi	WARN	Exception running bootstrap method shutdown on activity-stream@mozilla.org: [Exception... "Component returned failure code: 0x80004005 (NS_ERROR_FAILURE) [nsIObserverService.removeObserver]"  nsresult: "0x80004005 (NS_ERROR_FAILURE)"  location: "JS frame :: resource://activity-stream/lib/SnippetsFeed.jsm :: uninit :: line 125"  data: no] Stack trace: uninit()@resource://activity-stream/lib/SnippetsFeed.jsm:125 < onAction()@resource://activity-stream/lib/SnippetsFeed.jsm:141 < _middleware/</<()@resource://activity-stream/lib/Store.jsm:51 < Store/this[method]()@resource://activity-stream/lib/Store.jsm:30 < uninit()@resource://activity-stream/lib/Store.jsm:153 < uninit()@resource://activity-stream/lib/ActivityStream.jsm:278 < uninit()@resource://gre/modules/addons/XPIProvider.jsm -> jar:file:///C:/Program%20Files%20(x86)/Mozilla%20Firefox/browser/features/activity-stream@mozilla.org.xpi!/bootstrap.js:80 < shutdown()@resource://gre/modules/addons/XPIProvider.jsm -> jar:file:///C:/Program%20Files%20(x86)/Mozilla%20Firefox/browser/features/activity-stream@mozilla.org.xpi!/bootstrap.js:196 < callBootstrapMethod()@resource://gre/modules/addons/XPIProvider.jsm:4406 < observe()@resource://gre/modules/addons/XPIProvider.jsm:2270 < GeckoDriver.prototype.quit()@driver.js:3381 < despatch()@server.js:560 < execute()@server.js:534 < onPacket/<()@server.js:509 < onPacket()@server.js:508 < _onJSONObjectReady/<()@transport.js:500
1520719879995	geckodriver	INFO	geckodriver 0.19.1
1520719880003	geckodriver	INFO	Listening on 127.0.0.1:32962
1520719880580	mozrunner::runner	INFO	Running command: "C:\\Program Files (x86)\\Mozilla Firefox\\firefox.exe" "-marionette" "-profile" "C:\\Users\\PC-RAHUL\\AppData\\Local\\Temp\\rust_mozprofile.FIRDhFgMTDOy"
1520719882118	Marionette	INFO	Enabled via --marionette
1520719886445	Marionette	INFO	Listening on port 59929
1520719887013	Marionette	WARN	TLS certificate errors will be ignored for this session
Mar 10, 2018 4:11:27 PM org.openqa.selenium.remote.ProtocolHandshake createSession
INFO: Detected dialect: W3C
Response: <html><head></head><body>Username Does Not Exist.. Please Try Again!!
</body></html>
1520719890129	addons.xpi	WARN	Exception running bootstrap method shutdown on activity-stream@mozilla.org: [Exception... "Component returned failure code: 0x80004005 (NS_ERROR_FAILURE) [nsIObserverService.removeObserver]"  nsresult: "0x80004005 (NS_ERROR_FAILURE)"  location: "JS frame :: resource://activity-stream/lib/SnippetsFeed.jsm :: uninit :: line 125"  data: no] Stack trace: uninit()@resource://activity-stream/lib/SnippetsFeed.jsm:125 < onAction()@resource://activity-stream/lib/SnippetsFeed.jsm:141 < _middleware/</<()@resource://activity-stream/lib/Store.jsm:51 < Store/this[method]()@resource://activity-stream/lib/Store.jsm:30 < uninit()@resource://activity-stream/lib/Store.jsm:153 < uninit()@resource://activity-stream/lib/ActivityStream.jsm:278 < uninit()@resource://gre/modules/addons/XPIProvider.jsm -> jar:file:///C:/Program%20Files%20(x86)/Mozilla%20Firefox/browser/features/activity-stream@mozilla.org.xpi!/bootstrap.js:80 < shutdown()@resource://gre/modules/addons/XPIProvider.jsm -> jar:file:///C:/Program%20Files%20(x86)/Mozilla%20Firefox/browser/features/activity-stream@mozilla.org.xpi!/bootstrap.js:196 < callBootstrapMethod()@resource://gre/modules/addons/XPIProvider.jsm:4406 < observe()@resource://gre/modules/addons/XPIProvider.jsm:2270 < GeckoDriver.prototype.quit()@driver.js:3381 < despatch()@server.js:560 < execute()@server.js:534 < onPacket/<()@server.js:509 < onPacket()@server.js:508 < _onJSONObjectReady/<()@transport.js:500
1520719890463	geckodriver	INFO	geckodriver 0.19.1
1520719890471	geckodriver	INFO	Listening on 127.0.0.1:27774
1520719891067	mozrunner::runner	INFO	Running command: "C:\\Program Files (x86)\\Mozilla Firefox\\firefox.exe" "-marionette" "-profile" "C:\\Users\\PC-RAHUL\\AppData\\Local\\Temp\\rust_mozprofile.A6NgvVWN6GaH"
1520719892156	Marionette	INFO	Enabled via --marionette
1520719896266	Marionette	INFO	Listening on port 59971
1520719896302	Marionette	WARN	TLS certificate errors will be ignored for this session
Mar 10, 2018 4:11:36 PM org.openqa.selenium.remote.ProtocolHandshake createSession
INFO: Detected dialect: W3C
Response: <html><head></head><body>New and Confirm Password Does Not Match.. Please Try Again!!
</body></html>
1520719899278	addons.xpi	WARN	Exception running bootstrap method shutdown on activity-stream@mozilla.org: [Exception... "Component returned failure code: 0x80004005 (NS_ERROR_FAILURE) [nsIObserverService.removeObserver]"  nsresult: "0x80004005 (NS_ERROR_FAILURE)"  location: "JS frame :: resource://activity-stream/lib/SnippetsFeed.jsm :: uninit :: line 125"  data: no] Stack trace: uninit()@resource://activity-stream/lib/SnippetsFeed.jsm:125 < onAction()@resource://activity-stream/lib/SnippetsFeed.jsm:141 < _middleware/</<()@resource://activity-stream/lib/Store.jsm:51 < Store/this[method]()@resource://activity-stream/lib/Store.jsm:30 < uninit()@resource://activity-stream/lib/Store.jsm:153 < uninit()@resource://activity-stream/lib/ActivityStream.jsm:278 < uninit()@resource://gre/modules/addons/XPIProvider.jsm -> jar:file:///C:/Program%20Files%20(x86)/Mozilla%20Firefox/browser/features/activity-stream@mozilla.org.xpi!/bootstrap.js:80 < shutdown()@resource://gre/modules/addons/XPIProvider.jsm -> jar:file:///C:/Program%20Files%20(x86)/Mozilla%20Firefox/browser/features/activity-stream@mozilla.org.xpi!/bootstrap.js:196 < callBootstrapMethod()@resource://gre/modules/addons/XPIProvider.jsm:4406 < observe()@resource://gre/modules/addons/XPIProvider.jsm:2270 < GeckoDriver.prototype.quit()@driver.js:3381 < despatch()@server.js:560 < execute()@server.js:534 < onPacket/<()@server.js:509 < onPacket()@server.js:508 < _onJSONObjectReady/<()@transport.js:500
Tests run: 3, Failures: 0, Errors: 0, Skipped: 0, Time elapsed: 29.083 sec
Running com.wipro.devops.test.SQLConnectionTest
Tests run: 1, Failures: 0, Errors: 0, Skipped: 0, Time elapsed: 0.015 sec

Results :

Failed tests:   LoginDemoTest_1(com.wipro.devops.test.LoginDemoTest)

Tests run: 13, Failures: 1, Errors: 0, Skipped: 0

[INFO] ------------------------------------------------------------------------
[INFO] BUILD FAILURE
[INFO] ------------------------------------------------------------------------
[INFO] Total time: 01:04 min
[INFO] Finished at: 2018-03-10T16:11:39-06:00
[INFO] Final Memory: 9M/245M
[INFO] ------------------------------------------------------------------------
[8mha:////4HFhpL8ekbg+KIW2LzUqEyynfxWibViLAuly4bxASjgKAAAAYB+LCAAAAAAAAP9b85aBtbiIQSmjNKU4P0+vJLE4u1gvPjexLDVPzxdEuhYV5Rf55ZekOlc7RKnPKH7IxMBQUcQgBdWQnJ9XnJ+TqucMoUEKGSCAEaSwAACsNFCqYAAAAA==[0m[ERROR] Failed to execute goal org.apache.maven.plugins:maven-surefire-plugin:2.12.4:test (default-test) on project DevOps-ILP1-219794: There are test failures.
[8mha:////4HFhpL8ekbg+KIW2LzUqEyynfxWibViLAuly4bxASjgKAAAAYB+LCAAAAAAAAP9b85aBtbiIQSmjNKU4P0+vJLE4u1gvPjexLDVPzxdEuhYV5Rf55ZekOlc7RKnPKH7IxMBQUcQgBdWQnJ9XnJ+TqucMoUEKGSCAEaSwAACsNFCqYAAAAA==[0m[ERROR] 
[8mha:////4HFhpL8ekbg+KIW2LzUqEyynfxWibViLAuly4bxASjgKAAAAYB+LCAAAAAAAAP9b85aBtbiIQSmjNKU4P0+vJLE4u1gvPjexLDVPzxdEuhYV5Rf55ZekOlc7RKnPKH7IxMBQUcQgBdWQnJ9XnJ+TqucMoUEKGSCAEaSwAACsNFCqYAAAAA==[0m[ERROR] Please refer to C:\Users\PC-RAHUL\Desktop\Devops\DevOps-ILP1-219794\target\surefire-reports for the individual test results.
[8mha:////4HFhpL8ekbg+KIW2LzUqEyynfxWibViLAuly4bxASjgKAAAAYB+LCAAAAAAAAP9b85aBtbiIQSmjNKU4P0+vJLE4u1gvPjexLDVPzxdEuhYV5Rf55ZekOlc7RKnPKH7IxMBQUcQgBdWQnJ9XnJ+TqucMoUEKGSCAEaSwAACsNFCqYAAAAA==[0m[ERROR] -> [Help 1]
[8mha:////4HFhpL8ekbg+KIW2LzUqEyynfxWibViLAuly4bxASjgKAAAAYB+LCAAAAAAAAP9b85aBtbiIQSmjNKU4P0+vJLE4u1gvPjexLDVPzxdEuhYV5Rf55ZekOlc7RKnPKH7IxMBQUcQgBdWQnJ9XnJ+TqucMoUEKGSCAEaSwAACsNFCqYAAAAA==[0m[ERROR] 
[8mha:////4HFhpL8ekbg+KIW2LzUqEyynfxWibViLAuly4bxASjgKAAAAYB+LCAAAAAAAAP9b85aBtbiIQSmjNKU4P0+vJLE4u1gvPjexLDVPzxdEuhYV5Rf55ZekOlc7RKnPKH7IxMBQUcQgBdWQnJ9XnJ+TqucMoUEKGSCAEaSwAACsNFCqYAAAAA==[0m[ERROR] To see the full stack trace of the errors, re-run Maven with the -e switch.
[8mha:////4HFhpL8ekbg+KIW2LzUqEyynfxWibViLAuly4bxASjgKAAAAYB+LCAAAAAAAAP9b85aBtbiIQSmjNKU4P0+vJLE4u1gvPjexLDVPzxdEuhYV5Rf55ZekOlc7RKnPKH7IxMBQUcQgBdWQnJ9XnJ+TqucMoUEKGSCAEaSwAACsNFCqYAAAAA==[0m[ERROR] Re-run Maven using the -X switch to enable full debug logging.
[8mha:////4HFhpL8ekbg+KIW2LzUqEyynfxWibViLAuly4bxASjgKAAAAYB+LCAAAAAAAAP9b85aBtbiIQSmjNKU4P0+vJLE4u1gvPjexLDVPzxdEuhYV5Rf55ZekOlc7RKnPKH7IxMBQUcQgBdWQnJ9XnJ+TqucMoUEKGSCAEaSwAACsNFCqYAAAAA==[0m[ERROR] 
[8mha:////4HFhpL8ekbg+KIW2LzUqEyynfxWibViLAuly4bxASjgKAAAAYB+LCAAAAAAAAP9b85aBtbiIQSmjNKU4P0+vJLE4u1gvPjexLDVPzxdEuhYV5Rf55ZekOlc7RKnPKH7IxMBQUcQgBdWQnJ9XnJ+TqucMoUEKGSCAEaSwAACsNFCqYAAAAA==[0m[ERROR] For more information about the errors and possible solutions, please read the following articles:
[8mha:////4HFhpL8ekbg+KIW2LzUqEyynfxWibViLAuly4bxASjgKAAAAYB+LCAAAAAAAAP9b85aBtbiIQSmjNKU4P0+vJLE4u1gvPjexLDVPzxdEuhYV5Rf55ZekOlc7RKnPKH7IxMBQUcQgBdWQnJ9XnJ+TqucMoUEKGSCAEaSwAACsNFCqYAAAAA==[0m[ERROR] [Help 1] http://cwiki.apache.org/confluence/display/MAVEN/MojoFailureException
Build step 'Invoke top-level Maven targets' marked build as failure
Email was triggered for: Always
Sending email for trigger: Always
Sending email to: rahul.rakhonde@gmail.com rahul.rakhonde@wipro.com
Finished: FAILURE
