Started by user [8mha:////4NdoM+s3M8DGol1f+l7L3SMwji7kg8NrUGWZ7HAv5x2hAAAAlh+LCAAAAAAAAP9b85aBtbiIQTGjNKU4P08vOT+vOD8nVc83PyU1x6OyILUoJzMv2y+/JJUBAhiZGBgqihhk0NSjKDWzXb3RdlLBUSYGJk8GtpzUvPSSDB8G5tKinBIGIZ+sxLJE/ZzEvHT94JKizLx0a6BxUmjGOUNodHsLgAzOEgYu/dLi1CL9vNKcHACFIKlWvwAAAA==[0manonymous
Building in workspace C:\Users\PC-RAHUL\.jenkins\workspace\DevOps-ILP1-219794_Jenkins
Cloning the remote Git repository
Cloning repository C:\Users\PC-RAHUL\Desktop\Devops\DevOps-ILP1-219794
 > git.exe init C:\Users\PC-RAHUL\.jenkins\workspace\DevOps-ILP1-219794_Jenkins # timeout=10
Fetching upstream changes from C:\Users\PC-RAHUL\Desktop\Devops\DevOps-ILP1-219794
 > git.exe --version # timeout=10
 > git.exe fetch --tags --progress C:\Users\PC-RAHUL\Desktop\Devops\DevOps-ILP1-219794 +refs/heads/*:refs/remotes/origin/*
 > git.exe config remote.origin.url C:\Users\PC-RAHUL\Desktop\Devops\DevOps-ILP1-219794 # timeout=10
 > git.exe config --add remote.origin.fetch +refs/heads/*:refs/remotes/origin/* # timeout=10
 > git.exe config remote.origin.url C:\Users\PC-RAHUL\Desktop\Devops\DevOps-ILP1-219794 # timeout=10
Fetching upstream changes from C:\Users\PC-RAHUL\Desktop\Devops\DevOps-ILP1-219794
 > git.exe fetch --tags --progress C:\Users\PC-RAHUL\Desktop\Devops\DevOps-ILP1-219794 +refs/heads/*:refs/remotes/origin/*
 > git.exe rev-parse "refs/remotes/origin/master^{commit}" # timeout=10
 > git.exe rev-parse "refs/remotes/origin/origin/master^{commit}" # timeout=10
Checking out Revision 8dda1a5958b54e034947f6491785c34c0f9ba620 (refs/remotes/origin/master)
 > git.exe config core.sparsecheckout # timeout=10
 > git.exe checkout -f 8dda1a5958b54e034947f6491785c34c0f9ba620
Commit message: "Adding Selenium Test Cases 02/03"
First time build. Skipping changelog.
[DevOps-ILP1-219794_Jenkins] $ cmd /c call C:\Users\PC-RAHUL\AppData\Local\Temp\jenkins3818377751780839451.bat

C:\Users\PC-RAHUL\.jenkins\workspace\DevOps-ILP1-219794_Jenkins>mvn clean install 
[INFO] Scanning for projects...
[INFO] 
[INFO] ------------------------------------------------------------------------
[INFO] Building DevOps-ILP1-219794 Maven Webapp 0.0.1-SNAPSHOT
[INFO] ------------------------------------------------------------------------
[WARNING] The POM for org.seleniumhq.selenium:selenium-server-standalone:jar:2.39.0 is missing, no dependency information available
[INFO] 
[INFO] --- maven-clean-plugin:2.5:clean (default-clean) @ DevOps-ILP1-219794 ---
[INFO] Deleting C:\Users\PC-RAHUL\.jenkins\workspace\DevOps-ILP1-219794_Jenkins\target
[INFO] 
[INFO] --- maven-resources-plugin:2.6:resources (default-resources) @ DevOps-ILP1-219794 ---
[WARNING] Using platform encoding (Cp1252 actually) to copy filtered resources, i.e. build is platform dependent!
[INFO] skip non existing resourceDirectory C:\Users\PC-RAHUL\.jenkins\workspace\DevOps-ILP1-219794_Jenkins\src\main\resources
[INFO] 
[INFO] --- maven-compiler-plugin:3.1:compile (default-compile) @ DevOps-ILP1-219794 ---
[INFO] Changes detected - recompiling the module!
[WARNING] File encoding has not been set, using platform encoding Cp1252, i.e. build is platform dependent!
[INFO] Compiling 3 source files to C:\Users\PC-RAHUL\.jenkins\workspace\DevOps-ILP1-219794_Jenkins\target\classes
[INFO] 
[INFO] --- maven-resources-plugin:2.6:testResources (default-testResources) @ DevOps-ILP1-219794 ---
[WARNING] Using platform encoding (Cp1252 actually) to copy filtered resources, i.e. build is platform dependent!
[INFO] skip non existing resourceDirectory C:\Users\PC-RAHUL\.jenkins\workspace\DevOps-ILP1-219794_Jenkins\src\test\resources
[INFO] 
[INFO] --- maven-compiler-plugin:3.1:testCompile (default-testCompile) @ DevOps-ILP1-219794 ---
[INFO] Changes detected - recompiling the module!
[WARNING] File encoding has not been set, using platform encoding Cp1252, i.e. build is platform dependent!
[INFO] Compiling 5 source files to C:\Users\PC-RAHUL\.jenkins\workspace\DevOps-ILP1-219794_Jenkins\target\test-classes
[INFO] 
[INFO] --- maven-surefire-plugin:2.12.4:test (default-test) @ DevOps-ILP1-219794 ---
[INFO] Surefire report directory: C:\Users\PC-RAHUL\.jenkins\workspace\DevOps-ILP1-219794_Jenkins\target\surefire-reports

-------------------------------------------------------
 T E S T S
-------------------------------------------------------
Running com.wipro.devops.test.LoginDemoTest
Tests run: 3, Failures: 0, Errors: 0, Skipped: 0, Time elapsed: 0.707 sec
Running com.wipro.devops.test.ResetPasswordTest
Tests run: 3, Failures: 0, Errors: 0, Skipped: 0, Time elapsed: 0.116 sec
Running com.wipro.devops.test.SeleniumLoginDemoTest
1517697687201	geckodriver	INFO	geckodriver 0.19.1
1517697687201	geckodriver	INFO	Listening on 127.0.0.1:22946
1517697688001	mozrunner::runner	INFO	Running command: "C:\\Program Files (x86)\\Mozilla Firefox\\firefox.exe" "-marionette" "-profile" "C:\\Users\\PC-RAHUL\\AppData\\Local\\Temp\\rust_mozprofile.ck4A59GslfRF"
1517697689001	Marionette	INFO	Enabled via --marionette
1517697692890	Marionette	INFO	Listening on port 57986
1517697693783	Marionette	WARN	TLS certificate errors will be ignored for this session
Feb 03, 2018 4:41:33 PM org.openqa.selenium.remote.ProtocolHandshake createSession
INFO: Detected dialect: W3C
Response: <html lang="en"><head><title>HTTP Status 500 – Internal Server Error</title><style type="text/css">h1 {font-family:Tahoma,Arial,sans-serif;color:white;background-color:#525D76;font-size:22px;} h2 {font-family:Tahoma,Arial,sans-serif;color:white;background-color:#525D76;font-size:16px;} h3 {font-family:Tahoma,Arial,sans-serif;color:white;background-color:#525D76;font-size:14px;} body {font-family:Tahoma,Arial,sans-serif;color:black;background-color:white;} b {font-family:Tahoma,Arial,sans-serif;color:white;background-color:#525D76;} p {font-family:Tahoma,Arial,sans-serif;background:white;color:black;font-size:12px;} a {color:black;} a.name {color:black;} .line {height:1px;background-color:#525D76;border:none;}</style></head><body><h1>HTTP Status 500 – Internal Server Error</h1><hr class="line"><p><b>Type</b> Exception Report</p><p><b>Message</b> Error instantiating servlet class [com.wipro.devops.LoginDemo]</p><p><b>Description</b> The server encountered an unexpected condition that prevented it from fulfilling the request.</p><p><b>Exception</b></p><pre>javax.servlet.ServletException: Error instantiating servlet class [com.wipro.devops.LoginDemo]
	org.apache.catalina.authenticator.AuthenticatorBase.invoke(AuthenticatorBase.java:504)
	org.apache.catalina.valves.ErrorReportValve.invoke(ErrorReportValve.java:81)
	org.apache.catalina.valves.AbstractAccessLogValve.invoke(AbstractAccessLogValve.java:650)
	org.apache.catalina.connector.CoyoteAdapter.service(CoyoteAdapter.java:342)
	org.apache.coyote.http11.Http11Processor.service(Http11Processor.java:803)
	org.apache.coyote.AbstractProcessorLight.process(AbstractProcessorLight.java:66)
	org.apache.coyote.AbstractProtocol$ConnectionHandler.process(AbstractProtocol.java:790)
	org.apache.tomcat.util.net.NioEndpoint$SocketProcessor.doRun(NioEndpoint.java:1459)
	org.apache.tomcat.util.net.SocketProcessorBase.run(SocketProcessorBase.java:49)
	java.util.concurrent.ThreadPoolExecutor.runWorker(ThreadPoolExecutor.java:1149)
	java.util.concurrent.ThreadPoolExecutor$Worker.run(ThreadPoolExecutor.java:624)
	org.apache.tomcat.util.threads.TaskThread$WrappingRunnable.run(TaskThread.java:61)
	java.lang.Thread.run(Thread.java:748)
</pre><p><b>Root Cause</b></p><pre>java.lang.ClassNotFoundException: com.wipro.devops.LoginDemo
	org.apache.catalina.loader.WebappClassLoaderBase.loadClass(WebappClassLoaderBase.java:1291)
	org.apache.catalina.loader.WebappClassLoaderBase.loadClass(WebappClassLoaderBase.java:1119)
	org.apache.catalina.authenticator.AuthenticatorBase.invoke(AuthenticatorBase.java:504)
	org.apache.catalina.valves.ErrorReportValve.invoke(ErrorReportValve.java:81)
	org.apache.catalina.valves.AbstractAccessLogValve.invoke(AbstractAccessLogValve.java:650)
	org.apache.catalina.connector.CoyoteAdapter.service(CoyoteAdapter.java:342)
	org.apache.coyote.http11.Http11Processor.service(Http11Processor.java:803)
	org.apache.coyote.AbstractProcessorLight.process(AbstractProcessorLight.java:66)
	org.apache.coyote.AbstractProtocol$ConnectionHandler.process(AbstractProtocol.java:790)
	org.apache.tomcat.util.net.NioEndpoint$SocketProcessor.doRun(NioEndpoint.java:1459)
	org.apache.tomcat.util.net.SocketProcessorBase.run(SocketProcessorBase.java:49)
	java.util.concurrent.ThreadPoolExecutor.runWorker(ThreadPoolExecutor.java:1149)
	java.util.concurrent.ThreadPoolExecutor$Worker.run(ThreadPoolExecutor.java:624)
	org.apache.tomcat.util.threads.TaskThread$WrappingRunnable.run(TaskThread.java:61)
	java.lang.Thread.run(Thread.java:748)
</pre><p><b>Note</b> The full stack trace of the root cause is available in the server logs.</p><hr class="line"><h3>Apache Tomcat/8.5.24</h3></body></html>
1517697696709	geckodriver	INFO	geckodriver 0.19.1
1517697696717	geckodriver	INFO	Listening on 127.0.0.1:39427
1517697697352	mozrunner::runner	INFO	Running command: "C:\\Program Files (x86)\\Mozilla Firefox\\firefox.exe" "-marionette" "-profile" "C:\\Users\\PC-RAHUL\\AppData\\Local\\Temp\\rust_mozprofile.EHN2S4vn4gC0"
1517697698396	Marionette	INFO	Enabled via --marionette
1517697702940	Marionette	INFO	Listening on port 58028
1517697703799	Marionette	WARN	TLS certificate errors will be ignored for this session
Feb 03, 2018 4:41:43 PM org.openqa.selenium.remote.ProtocolHandshake createSession
INFO: Detected dialect: W3C
Response: <html lang="en"><head><title>HTTP Status 404 – Not Found</title><style type="text/css">h1 {font-family:Tahoma,Arial,sans-serif;color:white;background-color:#525D76;font-size:22px;} h2 {font-family:Tahoma,Arial,sans-serif;color:white;background-color:#525D76;font-size:16px;} h3 {font-family:Tahoma,Arial,sans-serif;color:white;background-color:#525D76;font-size:14px;} body {font-family:Tahoma,Arial,sans-serif;color:black;background-color:white;} b {font-family:Tahoma,Arial,sans-serif;color:white;background-color:#525D76;} p {font-family:Tahoma,Arial,sans-serif;background:white;color:black;font-size:12px;} a {color:black;} a.name {color:black;} .line {height:1px;background-color:#525D76;border:none;}</style></head><body><h1>HTTP Status 404 – Not Found</h1><hr class="line"><p><b>Type</b> Status Report</p><p><b>Description</b> The origin server did not find a current representation for the target resource or is not willing to disclose that one exists.</p><hr class="line"><h3>Apache Tomcat/8.5.24</h3></body></html>
1517697706565	geckodriver	INFO	geckodriver 0.19.1
1517697706573	geckodriver	INFO	Listening on 127.0.0.1:31837
1517697707166	mozrunner::runner	INFO	Running command: "C:\\Program Files (x86)\\Mozilla Firefox\\firefox.exe" "-marionette" "-profile" "C:\\Users\\PC-RAHUL\\AppData\\Local\\Temp\\rust_mozprofile.uQ53H5Z7Trjo"
1517697708507	Marionette	INFO	Enabled via --marionette
1517697713172	Marionette	INFO	Listening on port 58066
1517697713565	Marionette	WARN	TLS certificate errors will be ignored for this session
Feb 03, 2018 4:41:53 PM org.openqa.selenium.remote.ProtocolHandshake createSession
INFO: Detected dialect: W3C
Response: <html lang="en"><head><title>HTTP Status 404 – Not Found</title><style type="text/css">h1 {font-family:Tahoma,Arial,sans-serif;color:white;background-color:#525D76;font-size:22px;} h2 {font-family:Tahoma,Arial,sans-serif;color:white;background-color:#525D76;font-size:16px;} h3 {font-family:Tahoma,Arial,sans-serif;color:white;background-color:#525D76;font-size:14px;} body {font-family:Tahoma,Arial,sans-serif;color:black;background-color:white;} b {font-family:Tahoma,Arial,sans-serif;color:white;background-color:#525D76;} p {font-family:Tahoma,Arial,sans-serif;background:white;color:black;font-size:12px;} a {color:black;} a.name {color:black;} .line {height:1px;background-color:#525D76;border:none;}</style></head><body><h1>HTTP Status 404 – Not Found</h1><hr class="line"><p><b>Type</b> Status Report</p><p><b>Description</b> The origin server did not find a current representation for the target resource or is not willing to disclose that one exists.</p><hr class="line"><h3>Apache Tomcat/8.5.24</h3></body></html>
Tests run: 3, Failures: 3, Errors: 0, Skipped: 0, Time elapsed: 31.522 sec <<< FAILURE!
SeleniumTest_1(com.wipro.devops.test.SeleniumLoginDemoTest)  Time elapsed: 10.183 sec  <<< FAILURE!
java.lang.AssertionError
	at org.junit.Assert.fail(Assert.java:86)
	at org.junit.Assert.assertTrue(Assert.java:41)
	at org.junit.Assert.assertTrue(Assert.java:52)
	at com.wipro.devops.test.SeleniumLoginDemoTest.SeleniumTest_1(SeleniumLoginDemoTest.java:29)
	at sun.reflect.NativeMethodAccessorImpl.invoke0(Native Method)
	at sun.reflect.NativeMethodAccessorImpl.invoke(NativeMethodAccessorImpl.java:62)
	at sun.reflect.DelegatingMethodAccessorImpl.invoke(DelegatingMethodAccessorImpl.java:43)
	at java.lang.reflect.Method.invoke(Method.java:498)
	at org.junit.runners.model.FrameworkMethod$1.runReflectiveCall(FrameworkMethod.java:47)
	at org.junit.internal.runners.model.ReflectiveCallable.run(ReflectiveCallable.java:12)
	at org.junit.runners.model.FrameworkMethod.invokeExplosively(FrameworkMethod.java:44)
	at org.junit.internal.runners.statements.InvokeMethod.evaluate(InvokeMethod.java:17)
	at org.junit.internal.runners.statements.RunBefores.evaluate(RunBefores.java:26)
	at org.junit.runners.ParentRunner.runLeaf(ParentRunner.java:271)
	at org.junit.runners.BlockJUnit4ClassRunner.runChild(BlockJUnit4ClassRunner.java:70)
	at org.junit.runners.BlockJUnit4ClassRunner.runChild(BlockJUnit4ClassRunner.java:50)
	at org.junit.runners.ParentRunner$3.run(ParentRunner.java:238)
	at org.junit.runners.ParentRunner$1.schedule(ParentRunner.java:63)
	at org.junit.runners.ParentRunner.runChildren(ParentRunner.java:236)
	at org.junit.runners.ParentRunner.access$000(ParentRunner.java:53)
	at org.junit.runners.ParentRunner$2.evaluate(ParentRunner.java:229)
	at org.junit.runners.ParentRunner.run(ParentRunner.java:309)
	at org.apache.maven.surefire.junit4.JUnit4Provider.execute(JUnit4Provider.java:252)
	at org.apache.maven.surefire.junit4.JUnit4Provider.executeTestSet(JUnit4Provider.java:141)
	at org.apache.maven.surefire.junit4.JUnit4Provider.invoke(JUnit4Provider.java:112)
	at sun.reflect.NativeMethodAccessorImpl.invoke0(Native Method)
	at sun.reflect.NativeMethodAccessorImpl.invoke(NativeMethodAccessorImpl.java:62)
	at sun.reflect.DelegatingMethodAccessorImpl.invoke(DelegatingMethodAccessorImpl.java:43)
	at java.lang.reflect.Method.invoke(Method.java:498)
	at org.apache.maven.surefire.util.ReflectionUtils.invokeMethodWithArray(ReflectionUtils.java:189)
	at org.apache.maven.surefire.booter.ProviderFactory$ProviderProxy.invoke(ProviderFactory.java:165)
	at org.apache.maven.surefire.booter.ProviderFactory.invokeProvider(ProviderFactory.java:85)
	at org.apache.maven.surefire.booter.ForkedBooter.runSuitesInProcess(ForkedBooter.java:115)
	at org.apache.maven.surefire.booter.ForkedBooter.main(ForkedBooter.java:75)

SeleniumTest_2(com.wipro.devops.test.SeleniumLoginDemoTest)  Time elapsed: 9.858 sec  <<< FAILURE!
java.lang.AssertionError
	at org.junit.Assert.fail(Assert.java:86)
	at org.junit.Assert.assertTrue(Assert.java:41)
	at org.junit.Assert.assertTrue(Assert.java:52)
	at com.wipro.devops.test.SeleniumLoginDemoTest.SeleniumTest_2(SeleniumLoginDemoTest.java:44)
	at sun.reflect.NativeMethodAccessorImpl.invoke0(Native Method)
	at sun.reflect.NativeMethodAccessorImpl.invoke(NativeMethodAccessorImpl.java:62)
	at sun.reflect.DelegatingMethodAccessorImpl.invoke(DelegatingMethodAccessorImpl.java:43)
	at java.lang.reflect.Method.invoke(Method.java:498)
	at org.junit.runners.model.FrameworkMethod$1.runReflectiveCall(FrameworkMethod.java:47)
	at org.junit.internal.runners.model.ReflectiveCallable.run(ReflectiveCallable.java:12)
	at org.junit.runners.model.FrameworkMethod.invokeExplosively(FrameworkMethod.java:44)
	at org.junit.internal.runners.statements.InvokeMethod.evaluate(InvokeMethod.java:17)
	at org.junit.internal.runners.statements.RunBefores.evaluate(RunBefores.java:26)
	at org.junit.runners.ParentRunner.runLeaf(ParentRunner.java:271)
	at org.junit.runners.BlockJUnit4ClassRunner.runChild(BlockJUnit4ClassRunner.java:70)
	at org.junit.runners.BlockJUnit4ClassRunner.runChild(BlockJUnit4ClassRunner.java:50)
	at org.junit.runners.ParentRunner$3.run(ParentRunner.java:238)
	at org.junit.runners.ParentRunner$1.schedule(ParentRunner.java:63)
	at org.junit.runners.ParentRunner.runChildren(ParentRunner.java:236)
	at org.junit.runners.ParentRunner.access$000(ParentRunner.java:53)
	at org.junit.runners.ParentRunner$2.evaluate(ParentRunner.java:229)
	at org.junit.runners.ParentRunner.run(ParentRunner.java:309)
	at org.apache.maven.surefire.junit4.JUnit4Provider.execute(JUnit4Provider.java:252)
	at org.apache.maven.surefire.junit4.JUnit4Provider.executeTestSet(JUnit4Provider.java:141)
	at org.apache.maven.surefire.junit4.JUnit4Provider.invoke(JUnit4Provider.java:112)
	at sun.reflect.NativeMethodAccessorImpl.invoke0(Native Method)
	at sun.reflect.NativeMethodAccessorImpl.invoke(NativeMethodAccessorImpl.java:62)
	at sun.reflect.DelegatingMethodAccessorImpl.invoke(DelegatingMethodAccessorImpl.java:43)
	at java.lang.reflect.Method.invoke(Method.java:498)
	at org.apache.maven.surefire.util.ReflectionUtils.invokeMethodWithArray(ReflectionUtils.java:189)
	at org.apache.maven.surefire.booter.ProviderFactory$ProviderProxy.invoke(ProviderFactory.java:165)
	at org.apache.maven.surefire.booter.ProviderFactory.invokeProvider(ProviderFactory.java:85)
	at org.apache.maven.surefire.booter.ForkedBooter.runSuitesInProcess(ForkedBooter.java:115)
	at org.apache.maven.surefire.booter.ForkedBooter.main(ForkedBooter.java:75)

SeleniumTest_3(com.wipro.devops.test.SeleniumLoginDemoTest)  Time elapsed: 11.479 sec  <<< FAILURE!
java.lang.AssertionError
	at org.junit.Assert.fail(Assert.java:86)
	at org.junit.Assert.assertTrue(Assert.java:41)
	at org.junit.Assert.assertTrue(Assert.java:52)
	at com.wipro.devops.test.SeleniumLoginDemoTest.SeleniumTest_3(SeleniumLoginDemoTest.java:59)
	at sun.reflect.NativeMethodAccessorImpl.invoke0(Native Method)
	at sun.reflect.NativeMethodAccessorImpl.invoke(NativeMethodAccessorImpl.java:62)
	at sun.reflect.DelegatingMethodAccessorImpl.invoke(DelegatingMethodAccessorImpl.java:43)
	at java.lang.reflect.Method.invoke(Method.java:498)
	at org.junit.runners.model.FrameworkMethod$1.runReflectiveCall(FrameworkMethod.java:47)
	at org.junit.internal.runners.model.ReflectiveCallable.run(ReflectiveCallable.java:12)
	at org.junit.runners.model.FrameworkMethod.invokeExplosively(FrameworkMethod.java:44)
	at org.junit.internal.runners.statements.InvokeMethod.evaluate(InvokeMethod.java:17)
	at org.junit.internal.runners.statements.RunBefores.evaluate(RunBefores.java:26)
	at org.junit.runners.ParentRunner.runLeaf(ParentRunner.java:271)
	at org.junit.runners.BlockJUnit4ClassRunner.runChild(BlockJUnit4ClassRunner.java:70)
	at org.junit.runners.BlockJUnit4ClassRunner.runChild(BlockJUnit4ClassRunner.java:50)
	at org.junit.runners.ParentRunner$3.run(ParentRunner.java:238)
	at org.junit.runners.ParentRunner$1.schedule(ParentRunner.java:63)
	at org.junit.runners.ParentRunner.runChildren(ParentRunner.java:236)
	at org.junit.runners.ParentRunner.access$000(ParentRunner.java:53)
	at org.junit.runners.ParentRunner$2.evaluate(ParentRunner.java:229)
	at org.junit.runners.ParentRunner.run(ParentRunner.java:309)
	at org.apache.maven.surefire.junit4.JUnit4Provider.execute(JUnit4Provider.java:252)
	at org.apache.maven.surefire.junit4.JUnit4Provider.executeTestSet(JUnit4Provider.java:141)
	at org.apache.maven.surefire.junit4.JUnit4Provider.invoke(JUnit4Provider.java:112)
	at sun.reflect.NativeMethodAccessorImpl.invoke0(Native Method)
	at sun.reflect.NativeMethodAccessorImpl.invoke(NativeMethodAccessorImpl.java:62)
	at sun.reflect.DelegatingMethodAccessorImpl.invoke(DelegatingMethodAccessorImpl.java:43)
	at java.lang.reflect.Method.invoke(Method.java:498)
	at org.apache.maven.surefire.util.ReflectionUtils.invokeMethodWithArray(ReflectionUtils.java:189)
	at org.apache.maven.surefire.booter.ProviderFactory$ProviderProxy.invoke(ProviderFactory.java:165)
	at org.apache.maven.surefire.booter.ProviderFactory.invokeProvider(ProviderFactory.java:85)
	at org.apache.maven.surefire.booter.ForkedBooter.runSuitesInProcess(ForkedBooter.java:115)
	at org.apache.maven.surefire.booter.ForkedBooter.main(ForkedBooter.java:75)

Running com.wipro.devops.test.SeleniumResetPasswordTest
1517697718065	geckodriver	INFO	geckodriver 0.19.1
1517697718076	geckodriver	INFO	Listening on 127.0.0.1:29560
1517697718636	mozrunner::runner	INFO	Running command: "C:\\Program Files (x86)\\Mozilla Firefox\\firefox.exe" "-marionette" "-profile" "C:\\Users\\PC-RAHUL\\AppData\\Local\\Temp\\rust_mozprofile.m8y5wA6WvvLv"
1517697720665	Marionette	INFO	Enabled via --marionette
1517697725003	Marionette	INFO	Listening on port 58107
1517697726042	Marionette	WARN	TLS certificate errors will be ignored for this session
Feb 03, 2018 4:42:06 PM org.openqa.selenium.remote.ProtocolHandshake createSession
INFO: Detected dialect: W3C
Response: <html lang="en"><head><title>HTTP Status 500 – Internal Server Error</title><style type="text/css">h1 {font-family:Tahoma,Arial,sans-serif;color:white;background-color:#525D76;font-size:22px;} h2 {font-family:Tahoma,Arial,sans-serif;color:white;background-color:#525D76;font-size:16px;} h3 {font-family:Tahoma,Arial,sans-serif;color:white;background-color:#525D76;font-size:14px;} body {font-family:Tahoma,Arial,sans-serif;color:black;background-color:white;} b {font-family:Tahoma,Arial,sans-serif;color:white;background-color:#525D76;} p {font-family:Tahoma,Arial,sans-serif;background:white;color:black;font-size:12px;} a {color:black;} a.name {color:black;} .line {height:1px;background-color:#525D76;border:none;}</style></head><body><h1>HTTP Status 500 – Internal Server Error</h1><hr class="line"><p><b>Type</b> Exception Report</p><p><b>Message</b> Error instantiating servlet class [com.wipro.devops.ResetPassword]</p><p><b>Description</b> The server encountered an unexpected condition that prevented it from fulfilling the request.</p><p><b>Exception</b></p><pre>javax.servlet.ServletException: Error instantiating servlet class [com.wipro.devops.ResetPassword]
	org.apache.catalina.authenticator.AuthenticatorBase.invoke(AuthenticatorBase.java:504)
	org.apache.catalina.valves.ErrorReportValve.invoke(ErrorReportValve.java:81)
	org.apache.catalina.valves.AbstractAccessLogValve.invoke(AbstractAccessLogValve.java:650)
	org.apache.catalina.connector.CoyoteAdapter.service(CoyoteAdapter.java:342)
	org.apache.coyote.http11.Http11Processor.service(Http11Processor.java:803)
	org.apache.coyote.AbstractProcessorLight.process(AbstractProcessorLight.java:66)
	org.apache.coyote.AbstractProtocol$ConnectionHandler.process(AbstractProtocol.java:790)
	org.apache.tomcat.util.net.NioEndpoint$SocketProcessor.doRun(NioEndpoint.java:1459)
	org.apache.tomcat.util.net.SocketProcessorBase.run(SocketProcessorBase.java:49)
	java.util.concurrent.ThreadPoolExecutor.runWorker(ThreadPoolExecutor.java:1149)
	java.util.concurrent.ThreadPoolExecutor$Worker.run(ThreadPoolExecutor.java:624)
	org.apache.tomcat.util.threads.TaskThread$WrappingRunnable.run(TaskThread.java:61)
	java.lang.Thread.run(Thread.java:748)
</pre><p><b>Root Cause</b></p><pre>java.lang.ClassNotFoundException: com.wipro.devops.ResetPassword
	org.apache.catalina.loader.WebappClassLoaderBase.loadClass(WebappClassLoaderBase.java:1291)
	org.apache.catalina.loader.WebappClassLoaderBase.loadClass(WebappClassLoaderBase.java:1119)
	org.apache.catalina.authenticator.AuthenticatorBase.invoke(AuthenticatorBase.java:504)
	org.apache.catalina.valves.ErrorReportValve.invoke(ErrorReportValve.java:81)
	org.apache.catalina.valves.AbstractAccessLogValve.invoke(AbstractAccessLogValve.java:650)
	org.apache.catalina.connector.CoyoteAdapter.service(CoyoteAdapter.java:342)
	org.apache.coyote.http11.Http11Processor.service(Http11Processor.java:803)
	org.apache.coyote.AbstractProcessorLight.process(AbstractProcessorLight.java:66)
	org.apache.coyote.AbstractProtocol$ConnectionHandler.process(AbstractProtocol.java:790)
	org.apache.tomcat.util.net.NioEndpoint$SocketProcessor.doRun(NioEndpoint.java:1459)
	org.apache.tomcat.util.net.SocketProcessorBase.run(SocketProcessorBase.java:49)
	java.util.concurrent.ThreadPoolExecutor.runWorker(ThreadPoolExecutor.java:1149)
	java.util.concurrent.ThreadPoolExecutor$Worker.run(ThreadPoolExecutor.java:624)
	org.apache.tomcat.util.threads.TaskThread$WrappingRunnable.run(TaskThread.java:61)
	java.lang.Thread.run(Thread.java:748)
</pre><p><b>Note</b> The full stack trace of the root cause is available in the server logs.</p><hr class="line"><h3>Apache Tomcat/8.5.24</h3></body></html>
1517697728355	geckodriver	INFO	geckodriver 0.19.1
1517697728371	geckodriver	INFO	Listening on 127.0.0.1:3936
1517697729008	mozrunner::runner	INFO	Running command: "C:\\Program Files (x86)\\Mozilla Firefox\\firefox.exe" "-marionette" "-profile" "C:\\Users\\PC-RAHUL\\AppData\\Local\\Temp\\rust_mozprofile.VbQFbxkVOeM1"
1517697730251	Marionette	INFO	Enabled via --marionette
1517697735013	Marionette	INFO	Listening on port 58150
1517697736902	Marionette	WARN	TLS certificate errors will be ignored for this session
Feb 03, 2018 4:42:16 PM org.openqa.selenium.remote.ProtocolHandshake createSession
INFO: Detected dialect: W3C
Response: <html lang="en"><head><title>HTTP Status 404 – Not Found</title><style type="text/css">h1 {font-family:Tahoma,Arial,sans-serif;color:white;background-color:#525D76;font-size:22px;} h2 {font-family:Tahoma,Arial,sans-serif;color:white;background-color:#525D76;font-size:16px;} h3 {font-family:Tahoma,Arial,sans-serif;color:white;background-color:#525D76;font-size:14px;} body {font-family:Tahoma,Arial,sans-serif;color:black;background-color:white;} b {font-family:Tahoma,Arial,sans-serif;color:white;background-color:#525D76;} p {font-family:Tahoma,Arial,sans-serif;background:white;color:black;font-size:12px;} a {color:black;} a.name {color:black;} .line {height:1px;background-color:#525D76;border:none;}</style></head><body><h1>HTTP Status 404 – Not Found</h1><hr class="line"><p><b>Type</b> Status Report</p><p><b>Description</b> The origin server did not find a current representation for the target resource or is not willing to disclose that one exists.</p><hr class="line"><h3>Apache Tomcat/8.5.24</h3></body></html>
1517697740136	geckodriver	INFO	geckodriver 0.19.1
1517697740136	geckodriver	INFO	Listening on 127.0.0.1:19769
1517697740687	mozrunner::runner	INFO	Running command: "C:\\Program Files (x86)\\Mozilla Firefox\\firefox.exe" "-marionette" "-profile" "C:\\Users\\PC-RAHUL\\AppData\\Local\\Temp\\rust_mozprofile.1OvNKcZ2RR5w"
1517697742572	Marionette	INFO	Enabled via --marionette
1517697746467	Marionette	INFO	Listening on port 58191
1517697746931	Marionette	WARN	TLS certificate errors will be ignored for this session
Feb 03, 2018 4:42:27 PM org.openqa.selenium.remote.ProtocolHandshake createSession
INFO: Detected dialect: W3C
Response: <html lang="en"><head><title>HTTP Status 404 – Not Found</title><style type="text/css">h1 {font-family:Tahoma,Arial,sans-serif;color:white;background-color:#525D76;font-size:22px;} h2 {font-family:Tahoma,Arial,sans-serif;color:white;background-color:#525D76;font-size:16px;} h3 {font-family:Tahoma,Arial,sans-serif;color:white;background-color:#525D76;font-size:14px;} body {font-family:Tahoma,Arial,sans-serif;color:black;background-color:white;} b {font-family:Tahoma,Arial,sans-serif;color:white;background-color:#525D76;} p {font-family:Tahoma,Arial,sans-serif;background:white;color:black;font-size:12px;} a {color:black;} a.name {color:black;} .line {height:1px;background-color:#525D76;border:none;}</style></head><body><h1>HTTP Status 404 – Not Found</h1><hr class="line"><p><b>Type</b> Status Report</p><p><b>Description</b> The origin server did not find a current representation for the target resource or is not willing to disclose that one exists.</p><hr class="line"><h3>Apache Tomcat/8.5.24</h3></body></html>
Tests run: 3, Failures: 3, Errors: 0, Skipped: 0, Time elapsed: 32.547 sec <<< FAILURE!
SeleniumTest_1(com.wipro.devops.test.SeleniumResetPasswordTest)  Time elapsed: 10.233 sec  <<< FAILURE!
java.lang.AssertionError
	at org.junit.Assert.fail(Assert.java:86)
	at org.junit.Assert.assertTrue(Assert.java:41)
	at org.junit.Assert.assertTrue(Assert.java:52)
	at com.wipro.devops.test.SeleniumResetPasswordTest.SeleniumTest_1(SeleniumResetPasswordTest.java:30)
	at sun.reflect.NativeMethodAccessorImpl.invoke0(Native Method)
	at sun.reflect.NativeMethodAccessorImpl.invoke(NativeMethodAccessorImpl.java:62)
	at sun.reflect.DelegatingMethodAccessorImpl.invoke(DelegatingMethodAccessorImpl.java:43)
	at java.lang.reflect.Method.invoke(Method.java:498)
	at org.junit.runners.model.FrameworkMethod$1.runReflectiveCall(FrameworkMethod.java:47)
	at org.junit.internal.runners.model.ReflectiveCallable.run(ReflectiveCallable.java:12)
	at org.junit.runners.model.FrameworkMethod.invokeExplosively(FrameworkMethod.java:44)
	at org.junit.internal.runners.statements.InvokeMethod.evaluate(InvokeMethod.java:17)
	at org.junit.internal.runners.statements.RunBefores.evaluate(RunBefores.java:26)
	at org.junit.runners.ParentRunner.runLeaf(ParentRunner.java:271)
	at org.junit.runners.BlockJUnit4ClassRunner.runChild(BlockJUnit4ClassRunner.java:70)
	at org.junit.runners.BlockJUnit4ClassRunner.runChild(BlockJUnit4ClassRunner.java:50)
	at org.junit.runners.ParentRunner$3.run(ParentRunner.java:238)
	at org.junit.runners.ParentRunner$1.schedule(ParentRunner.java:63)
	at org.junit.runners.ParentRunner.runChildren(ParentRunner.java:236)
	at org.junit.runners.ParentRunner.access$000(ParentRunner.java:53)
	at org.junit.runners.ParentRunner$2.evaluate(ParentRunner.java:229)
	at org.junit.runners.ParentRunner.run(ParentRunner.java:309)
	at org.apache.maven.surefire.junit4.JUnit4Provider.execute(JUnit4Provider.java:252)
	at org.apache.maven.surefire.junit4.JUnit4Provider.executeTestSet(JUnit4Provider.java:141)
	at org.apache.maven.surefire.junit4.JUnit4Provider.invoke(JUnit4Provider.java:112)
	at sun.reflect.NativeMethodAccessorImpl.invoke0(Native Method)
	at sun.reflect.NativeMethodAccessorImpl.invoke(NativeMethodAccessorImpl.java:62)
	at sun.reflect.DelegatingMethodAccessorImpl.invoke(DelegatingMethodAccessorImpl.java:43)
	at java.lang.reflect.Method.invoke(Method.java:498)
	at org.apache.maven.surefire.util.ReflectionUtils.invokeMethodWithArray(ReflectionUtils.java:189)
	at org.apache.maven.surefire.booter.ProviderFactory$ProviderProxy.invoke(ProviderFactory.java:165)
	at org.apache.maven.surefire.booter.ProviderFactory.invokeProvider(ProviderFactory.java:85)
	at org.apache.maven.surefire.booter.ForkedBooter.runSuitesInProcess(ForkedBooter.java:115)
	at org.apache.maven.surefire.booter.ForkedBooter.main(ForkedBooter.java:75)

SeleniumTest_2(com.wipro.devops.test.SeleniumResetPasswordTest)  Time elapsed: 11.799 sec  <<< FAILURE!
java.lang.AssertionError
	at org.junit.Assert.fail(Assert.java:86)
	at org.junit.Assert.assertTrue(Assert.java:41)
	at org.junit.Assert.assertTrue(Assert.java:52)
	at com.wipro.devops.test.SeleniumResetPasswordTest.SeleniumTest_2(SeleniumResetPasswordTest.java:46)
	at sun.reflect.NativeMethodAccessorImpl.invoke0(Native Method)
	at sun.reflect.NativeMethodAccessorImpl.invoke(NativeMethodAccessorImpl.java:62)
	at sun.reflect.DelegatingMethodAccessorImpl.invoke(DelegatingMethodAccessorImpl.java:43)
	at java.lang.reflect.Method.invoke(Method.java:498)
	at org.junit.runners.model.FrameworkMethod$1.runReflectiveCall(FrameworkMethod.java:47)
	at org.junit.internal.runners.model.ReflectiveCallable.run(ReflectiveCallable.java:12)
	at org.junit.runners.model.FrameworkMethod.invokeExplosively(FrameworkMethod.java:44)
	at org.junit.internal.runners.statements.InvokeMethod.evaluate(InvokeMethod.java:17)
	at org.junit.internal.runners.statements.RunBefores.evaluate(RunBefores.java:26)
	at org.junit.runners.ParentRunner.runLeaf(ParentRunner.java:271)
	at org.junit.runners.BlockJUnit4ClassRunner.runChild(BlockJUnit4ClassRunner.java:70)
	at org.junit.runners.BlockJUnit4ClassRunner.runChild(BlockJUnit4ClassRunner.java:50)
	at org.junit.runners.ParentRunner$3.run(ParentRunner.java:238)
	at org.junit.runners.ParentRunner$1.schedule(ParentRunner.java:63)
	at org.junit.runners.ParentRunner.runChildren(ParentRunner.java:236)
	at org.junit.runners.ParentRunner.access$000(ParentRunner.java:53)
	at org.junit.runners.ParentRunner$2.evaluate(ParentRunner.java:229)
	at org.junit.runners.ParentRunner.run(ParentRunner.java:309)
	at org.apache.maven.surefire.junit4.JUnit4Provider.execute(JUnit4Provider.java:252)
	at org.apache.maven.surefire.junit4.JUnit4Provider.executeTestSet(JUnit4Provider.java:141)
	at org.apache.maven.surefire.junit4.JUnit4Provider.invoke(JUnit4Provider.java:112)
	at sun.reflect.NativeMethodAccessorImpl.invoke0(Native Method)
	at sun.reflect.NativeMethodAccessorImpl.invoke(NativeMethodAccessorImpl.java:62)
	at sun.reflect.DelegatingMethodAccessorImpl.invoke(DelegatingMethodAccessorImpl.java:43)
	at java.lang.reflect.Method.invoke(Method.java:498)
	at org.apache.maven.surefire.util.ReflectionUtils.invokeMethodWithArray(ReflectionUtils.java:189)
	at org.apache.maven.surefire.booter.ProviderFactory$ProviderProxy.invoke(ProviderFactory.java:165)
	at org.apache.maven.surefire.booter.ProviderFactory.invokeProvider(ProviderFactory.java:85)
	at org.apache.maven.surefire.booter.ForkedBooter.runSuitesInProcess(ForkedBooter.java:115)
	at org.apache.maven.surefire.booter.ForkedBooter.main(ForkedBooter.java:75)

SeleniumTest_3(com.wipro.devops.test.SeleniumResetPasswordTest)  Time elapsed: 10.515 sec  <<< FAILURE!
java.lang.AssertionError
	at org.junit.Assert.fail(Assert.java:86)
	at org.junit.Assert.assertTrue(Assert.java:41)
	at org.junit.Assert.assertTrue(Assert.java:52)
	at com.wipro.devops.test.SeleniumResetPasswordTest.SeleniumTest_3(SeleniumResetPasswordTest.java:62)
	at sun.reflect.NativeMethodAccessorImpl.invoke0(Native Method)
	at sun.reflect.NativeMethodAccessorImpl.invoke(NativeMethodAccessorImpl.java:62)
	at sun.reflect.DelegatingMethodAccessorImpl.invoke(DelegatingMethodAccessorImpl.java:43)
	at java.lang.reflect.Method.invoke(Method.java:498)
	at org.junit.runners.model.FrameworkMethod$1.runReflectiveCall(FrameworkMethod.java:47)
	at org.junit.internal.runners.model.ReflectiveCallable.run(ReflectiveCallable.java:12)
	at org.junit.runners.model.FrameworkMethod.invokeExplosively(FrameworkMethod.java:44)
	at org.junit.internal.runners.statements.InvokeMethod.evaluate(InvokeMethod.java:17)
	at org.junit.internal.runners.statements.RunBefores.evaluate(RunBefores.java:26)
	at org.junit.runners.ParentRunner.runLeaf(ParentRunner.java:271)
	at org.junit.runners.BlockJUnit4ClassRunner.runChild(BlockJUnit4ClassRunner.java:70)
	at org.junit.runners.BlockJUnit4ClassRunner.runChild(BlockJUnit4ClassRunner.java:50)
	at org.junit.runners.ParentRunner$3.run(ParentRunner.java:238)
	at org.junit.runners.ParentRunner$1.schedule(ParentRunner.java:63)
	at org.junit.runners.ParentRunner.runChildren(ParentRunner.java:236)
	at org.junit.runners.ParentRunner.access$000(ParentRunner.java:53)
	at org.junit.runners.ParentRunner$2.evaluate(ParentRunner.java:229)
	at org.junit.runners.ParentRunner.run(ParentRunner.java:309)
	at org.apache.maven.surefire.junit4.JUnit4Provider.execute(JUnit4Provider.java:252)
	at org.apache.maven.surefire.junit4.JUnit4Provider.executeTestSet(JUnit4Provider.java:141)
	at org.apache.maven.surefire.junit4.JUnit4Provider.invoke(JUnit4Provider.java:112)
	at sun.reflect.NativeMethodAccessorImpl.invoke0(Native Method)
	at sun.reflect.NativeMethodAccessorImpl.invoke(NativeMethodAccessorImpl.java:62)
	at sun.reflect.DelegatingMethodAccessorImpl.invoke(DelegatingMethodAccessorImpl.java:43)
	at java.lang.reflect.Method.invoke(Method.java:498)
	at org.apache.maven.surefire.util.ReflectionUtils.invokeMethodWithArray(ReflectionUtils.java:189)
	at org.apache.maven.surefire.booter.ProviderFactory$ProviderProxy.invoke(ProviderFactory.java:165)
	at org.apache.maven.surefire.booter.ProviderFactory.invokeProvider(ProviderFactory.java:85)
	at org.apache.maven.surefire.booter.ForkedBooter.runSuitesInProcess(ForkedBooter.java:115)
	at org.apache.maven.surefire.booter.ForkedBooter.main(ForkedBooter.java:75)

Running com.wipro.devops.test.SQLConnectionTest
Tests run: 1, Failures: 0, Errors: 0, Skipped: 0, Time elapsed: 0.001 sec

Results :

Failed tests:   SeleniumTest_1(com.wipro.devops.test.SeleniumLoginDemoTest)
  SeleniumTest_2(com.wipro.devops.test.SeleniumLoginDemoTest)
  SeleniumTest_3(com.wipro.devops.test.SeleniumLoginDemoTest)
  SeleniumTest_1(com.wipro.devops.test.SeleniumResetPasswordTest)
  SeleniumTest_2(com.wipro.devops.test.SeleniumResetPasswordTest)
  SeleniumTest_3(com.wipro.devops.test.SeleniumResetPasswordTest)

Tests run: 13, Failures: 6, Errors: 0, Skipped: 0

[INFO] ------------------------------------------------------------------------
[INFO] BUILD FAILURE
[INFO] ------------------------------------------------------------------------
[INFO] Total time: 01:08 min
[INFO] Finished at: 2018-02-03T16:42:31-06:00
[INFO] Final Memory: 21M/224M
[INFO] ------------------------------------------------------------------------
[ERROR] Failed to execute goal org.apache.maven.plugins:maven-surefire-plugin:2.12.4:test (default-test) on project DevOps-ILP1-219794: There are test failures.
[ERROR] 
[ERROR] Please refer to C:\Users\PC-RAHUL\.jenkins\workspace\DevOps-ILP1-219794_Jenkins\target\surefire-reports for the individual test results.
[ERROR] -> [Help 1]
[ERROR] 
[ERROR] To see the full stack trace of the errors, re-run Maven with the -e switch.
[ERROR] Re-run Maven using the -X switch to enable full debug logging.
[ERROR] 
[ERROR] For more information about the errors and possible solutions, please read the following articles:
[ERROR] [Help 1] http://cwiki.apache.org/confluence/display/MAVEN/MojoFailureException
Build step 'Execute Windows batch command' marked build as failure
Finished: FAILURE
